[20200424-17:46:04-368] INFO    main                 o.o.util.Environment.logSystemInfo()                   : openTCS baseline version: 4.17.0-SNAPSHOT (build date: 2020-04-23 20:58:03), customization '-' version - (build date: -), Java: 1.8.0_231, Oracle Corporation; JVM: 25.231-b11, Oracle Corporation; OS: Linux, amd64
[20200424-17:46:04-684] INFO    main                 o.o.c.cfg4j.Cfg4jConfigurationBindingProvider.buildSource(): Using default configuration file /home/eternal/NetBeansProjects/openTCS-4.17.0-src/openTCS-PlantOverview/build/install/openTCS-PlantOverview/./config/opentcs-plantoverview-defaults-baseline.properties...
[20200424-17:46:04-703] WARNING main                 o.o.c.cfg4j.Cfg4jConfigurationBindingProvider.buildSource(): Supplementary configuration file /home/eternal/NetBeansProjects/openTCS-4.17.0-src/openTCS-PlantOverview/build/install/openTCS-PlantOverview/./config/opentcs-plantoverview-defaults-custom.properties not found, skipped.
[20200424-17:46:04-705] INFO    main                 o.o.c.cfg4j.Cfg4jConfigurationBindingProvider.buildSource(): Using overrides from supplementary configuration file /home/eternal/NetBeansProjects/openTCS-4.17.0-src/openTCS-PlantOverview/build/install/openTCS-PlantOverview/./config/opentcs-plantoverview.properties...
[20200424-17:46:04-711] INFO    main                 o.c.provider.ConfigurationProviderBuilder.build()      : Initializing ConfigurationProvider with org.opentcs.configuration.cfg4j.CachedConfigurationSource source, org.opentcs.configuration.cfg4j.PeriodicalReloadStrategy reload strategy and org.cfg4j.source.context.environment.DefaultEnvironment environment
[20200424-17:46:04-730] INFO    main                 o.o.guing.RunPlantOverview.findRegisteredModules()     : Integrating injection module org.opentcs.guing.plugins.panels.loadgenerator.LoadGeneratorPanelModule
[20200424-17:46:04-731] INFO    main                 o.o.guing.RunPlantOverview.findRegisteredModules()     : Integrating injection module org.opentcs.guing.plugins.panels.allocation.AllocationPanelModule
[20200424-17:46:04-733] INFO    main                 o.o.guing.RunPlantOverview.findRegisteredModules()     : Integrating injection module org.opentcs.guing.plugins.panels.statistics.StatisticsPanelModule
[20200424-17:46:04-735] INFO    main                 o.o.guing.RunPlantOverview.findRegisteredModules()     : Integrating injection module org.opentcs.guing.DefaultImportersExportersModule
[20200424-17:46:04-736] INFO    main                 o.o.guing.RunPlantOverview.findRegisteredModules()     : Integrating injection module org.opentcs.guing.PropertySuggestionsModule
[20200424-17:46:04-737] INFO    main                 o.o.guing.RunPlantOverview.findRegisteredModules()     : Integrating injection module org.opentcs.guing.transport.OrderCategorySuggestionsModule
[20200424-17:46:08-860] WARNING main                 o.o.guing.DefaultPlantOverviewInjectionModule.configureSocketConnections(): SSL encryption disabled, connections will not be secured!
[20200424-17:46:12-056] INFO    main                 o.o.g.util.PanelRegistry.<init>()                      : Setting up plugin panel factory: org.opentcs.guing.plugins.panels.loadgenerator.ContinuousLoadPanelFactory
[20200424-17:46:12-056] INFO    main                 o.o.g.util.PanelRegistry.<init>()                      : Setting up plugin panel factory: org.opentcs.guing.plugins.panels.allocation.ResourceAllocationPanelFactory
[20200424-17:46:12-057] INFO    main                 o.o.g.util.PanelRegistry.<init>()                      : Setting up plugin panel factory: org.opentcs.guing.plugins.panels.statistics.StatisticsPanelFactory
[20200424-17:46:12-258] INFO    main                 o.o.g.exchange.KernelEventFetcher.initialize()         : Initializing...
[20200424-17:48:50-724] INFO    AWT-EventQueue-0     o.o.g.application.OpenTCSView.stop()                   : GUI terminating...
[20200616-20:51:22-109] INFO    main                 o.o.util.Environment.logSystemInfo()                   : openTCS baseline version: 4.17.0-SNAPSHOT (build date: 2020-04-23 20:58:03), customization '-' version - (build date: -), Java: 1.8.0_231, Oracle Corporation; JVM: 25.231-b11, Oracle Corporation; OS: Linux, amd64
[20200616-20:51:22-194] INFO    main                 o.o.c.cfg4j.Cfg4jConfigurationBindingProvider.buildSource(): Using default configuration file /home/eternal/NetBeansProjects/openTCS-4.17.0-src/openTCS-PlantOverview/build/install/openTCS-PlantOverview/./config/opentcs-plantoverview-defaults-baseline.properties...
[20200616-20:51:22-201] WARNING main                 o.o.c.cfg4j.Cfg4jConfigurationBindingProvider.buildSource(): Supplementary configuration file /home/eternal/NetBeansProjects/openTCS-4.17.0-src/openTCS-PlantOverview/build/install/openTCS-PlantOverview/./config/opentcs-plantoverview-defaults-custom.properties not found, skipped.
[20200616-20:51:22-202] INFO    main                 o.o.c.cfg4j.Cfg4jConfigurationBindingProvider.buildSource(): Using overrides from supplementary configuration file /home/eternal/NetBeansProjects/openTCS-4.17.0-src/openTCS-PlantOverview/build/install/openTCS-PlantOverview/./config/opentcs-plantoverview.properties...
[20200616-20:51:22-205] INFO    main                 o.c.provider.ConfigurationProviderBuilder.build()      : Initializing ConfigurationProvider with org.opentcs.configuration.cfg4j.CachedConfigurationSource source, org.opentcs.configuration.cfg4j.PeriodicalReloadStrategy reload strategy and org.cfg4j.source.context.environment.DefaultEnvironment environment
[20200616-20:51:22-215] INFO    main                 o.o.guing.RunPlantOverview.findRegisteredModules()     : Integrating injection module org.opentcs.guing.plugins.panels.allocation.AllocationPanelModule
[20200616-20:51:22-217] INFO    main                 o.o.guing.RunPlantOverview.findRegisteredModules()     : Integrating injection module org.opentcs.guing.DefaultImportersExportersModule
[20200616-20:51:22-218] INFO    main                 o.o.guing.RunPlantOverview.findRegisteredModules()     : Integrating injection module org.opentcs.guing.PropertySuggestionsModule
[20200616-20:51:22-219] INFO    main                 o.o.guing.RunPlantOverview.findRegisteredModules()     : Integrating injection module org.opentcs.guing.transport.OrderCategorySuggestionsModule
[20200616-20:51:22-221] INFO    main                 o.o.guing.RunPlantOverview.findRegisteredModules()     : Integrating injection module org.opentcs.guing.plugins.panels.statistics.StatisticsPanelModule
[20200616-20:51:22-223] INFO    main                 o.o.guing.RunPlantOverview.findRegisteredModules()     : Integrating injection module org.opentcs.guing.plugins.panels.loadgenerator.LoadGeneratorPanelModule
[20200616-20:51:22-603] WARNING main                 o.o.guing.DefaultPlantOverviewInjectionModule.configureSocketConnections(): SSL encryption disabled, connections will not be secured!
[20200616-20:51:23-964] INFO    main                 o.o.g.util.PanelRegistry.<init>()                      : Setting up plugin panel factory: org.opentcs.guing.plugins.panels.allocation.ResourceAllocationPanelFactory
[20200616-20:51:23-965] INFO    main                 o.o.g.util.PanelRegistry.<init>()                      : Setting up plugin panel factory: org.opentcs.guing.plugins.panels.statistics.StatisticsPanelFactory
[20200616-20:51:23-965] INFO    main                 o.o.g.util.PanelRegistry.<init>()                      : Setting up plugin panel factory: org.opentcs.guing.plugins.panels.loadgenerator.ContinuousLoadPanelFactory
[20200616-20:51:24-039] INFO    main                 o.o.g.exchange.KernelEventFetcher.initialize()         : Initializing...
[20200616-20:51:56-346] INFO    AWT-EventQueue-0     o.o.g.application.StatusPanel.setLogMessage()          : Model "Demo-01" successfully persisted.
[20200616-20:52:02-721] INFO    AWT-EventQueue-0     o.o.g.application.StatusPanel.setLogMessage()          : Model "Demo-01" successfully loaded from kernel.
[20200616-20:52:18-750] INFO    AWT-EventQueue-0     o.o.g.application.OpenTCSView.stop()                   : GUI terminating...
[20200617-10:46:19-646] INFO    main                 o.o.util.Environment.logSystemInfo()                   : openTCS baseline version: 4.17.0-SNAPSHOT (build date: 2020-04-23 20:58:03), customization '-' version - (build date: -), Java: 1.8.0_231, Oracle Corporation; JVM: 25.231-b11, Oracle Corporation; OS: Linux, amd64
[20200617-10:46:19-724] INFO    main                 o.o.c.cfg4j.Cfg4jConfigurationBindingProvider.buildSource(): Using default configuration file /home/eternal/NetBeansProjects/openTCS-4.17.0-src/openTCS-PlantOverview/build/install/openTCS-PlantOverview/./config/opentcs-plantoverview-defaults-baseline.properties...
[20200617-10:46:19-731] WARNING main                 o.o.c.cfg4j.Cfg4jConfigurationBindingProvider.buildSource(): Supplementary configuration file /home/eternal/NetBeansProjects/openTCS-4.17.0-src/openTCS-PlantOverview/build/install/openTCS-PlantOverview/./config/opentcs-plantoverview-defaults-custom.properties not found, skipped.
[20200617-10:46:19-732] INFO    main                 o.o.c.cfg4j.Cfg4jConfigurationBindingProvider.buildSource(): Using overrides from supplementary configuration file /home/eternal/NetBeansProjects/openTCS-4.17.0-src/openTCS-PlantOverview/build/install/openTCS-PlantOverview/./config/opentcs-plantoverview.properties...
[20200617-10:46:19-735] INFO    main                 o.c.provider.ConfigurationProviderBuilder.build()      : Initializing ConfigurationProvider with org.opentcs.configuration.cfg4j.CachedConfigurationSource source, org.opentcs.configuration.cfg4j.PeriodicalReloadStrategy reload strategy and org.cfg4j.source.context.environment.DefaultEnvironment environment
[20200617-10:46:19-746] INFO    main                 o.o.guing.RunPlantOverview.findRegisteredModules()     : Integrating injection module org.opentcs.guing.plugins.panels.allocation.AllocationPanelModule
[20200617-10:46:19-748] INFO    main                 o.o.guing.RunPlantOverview.findRegisteredModules()     : Integrating injection module org.opentcs.guing.DefaultImportersExportersModule
[20200617-10:46:19-750] INFO    main                 o.o.guing.RunPlantOverview.findRegisteredModules()     : Integrating injection module org.opentcs.guing.PropertySuggestionsModule
[20200617-10:46:19-751] INFO    main                 o.o.guing.RunPlantOverview.findRegisteredModules()     : Integrating injection module org.opentcs.guing.transport.OrderCategorySuggestionsModule
[20200617-10:46:19-754] INFO    main                 o.o.guing.RunPlantOverview.findRegisteredModules()     : Integrating injection module org.opentcs.guing.plugins.panels.statistics.StatisticsPanelModule
[20200617-10:46:19-756] INFO    main                 o.o.guing.RunPlantOverview.findRegisteredModules()     : Integrating injection module org.opentcs.guing.plugins.panels.loadgenerator.LoadGeneratorPanelModule
[20200617-10:46:20-123] WARNING main                 o.o.guing.DefaultPlantOverviewInjectionModule.configureSocketConnections(): SSL encryption disabled, connections will not be secured!
[20200617-10:46:21-777] INFO    main                 o.o.g.util.PanelRegistry.<init>()                      : Setting up plugin panel factory: org.opentcs.guing.plugins.panels.allocation.ResourceAllocationPanelFactory
[20200617-10:46:21-778] INFO    main                 o.o.g.util.PanelRegistry.<init>()                      : Setting up plugin panel factory: org.opentcs.guing.plugins.panels.statistics.StatisticsPanelFactory
[20200617-10:46:21-779] INFO    main                 o.o.g.util.PanelRegistry.<init>()                      : Setting up plugin panel factory: org.opentcs.guing.plugins.panels.loadgenerator.ContinuousLoadPanelFactory
[20200617-10:46:21-892] INFO    main                 o.o.g.exchange.KernelEventFetcher.initialize()         : Initializing...
[20200617-10:47:07-915] WARNING AWT-EventQueue-0     o.o.common.DefaultPortalManager.connect()              : Failed to connect to remote portal
org.opentcs.components.kernel.services.ServiceUnavailableException: Exception logging in with remote kernel client portal
	at org.opentcs.access.rmi.services.RemoteKernelServicePortalProxy.login(RemoteKernelServicePortalProxy.java:163)
	at org.opentcs.common.DefaultPortalManager.connect(DefaultPortalManager.java:168)
	at org.opentcs.common.DefaultPortalManager.connect(DefaultPortalManager.java:96)
	at org.opentcs.guing.exchange.ApplicationPortalProvider.register(ApplicationPortalProvider.java:68)
	at org.opentcs.guing.application.OpenTCSView.persistModel(OpenTCSView.java:1362)
	at org.opentcs.guing.application.action.synchronize.PersistInKernelAction.actionPerformed(PersistInKernelAction.java:52)
	at javax.swing.AbstractButton.fireActionPerformed(AbstractButton.java:2022)
	at javax.swing.AbstractButton$Handler.actionPerformed(AbstractButton.java:2348)
	at javax.swing.DefaultButtonModel.fireActionPerformed(DefaultButtonModel.java:402)
	at javax.swing.DefaultButtonModel.setPressed(DefaultButtonModel.java:259)
	at javax.swing.AbstractButton.doClick(AbstractButton.java:376)
	at javax.swing.plaf.basic.BasicMenuItemUI.doClick(BasicMenuItemUI.java:842)
	at javax.swing.plaf.basic.BasicMenuItemUI$Handler.mouseReleased(BasicMenuItemUI.java:886)
	at java.awt.AWTEventMulticaster.mouseReleased(AWTEventMulticaster.java:289)
	at java.awt.Component.processMouseEvent(Component.java:6539)
	at javax.swing.JComponent.processMouseEvent(JComponent.java:3324)
	at java.awt.Component.processEvent(Component.java:6304)
	at java.awt.Container.processEvent(Container.java:2239)
	at java.awt.Component.dispatchEventImpl(Component.java:4889)
	at java.awt.Container.dispatchEventImpl(Container.java:2297)
	at java.awt.Component.dispatchEvent(Component.java:4711)
	at java.awt.LightweightDispatcher.retargetMouseEvent(Container.java:4904)
	at java.awt.LightweightDispatcher.processMouseEvent(Container.java:4535)
	at java.awt.LightweightDispatcher.dispatchEvent(Container.java:4476)
	at java.awt.Container.dispatchEventImpl(Container.java:2283)
	at java.awt.Window.dispatchEventImpl(Window.java:2746)
	at java.awt.Component.dispatchEvent(Component.java:4711)
	at java.awt.EventQueue.dispatchEventImpl(EventQueue.java:760)
	at java.awt.EventQueue.access$500(EventQueue.java:97)
	at java.awt.EventQueue$3.run(EventQueue.java:709)
	at java.awt.EventQueue$3.run(EventQueue.java:703)
	at java.security.AccessController.doPrivileged(Native Method)
	at java.security.ProtectionDomain$JavaSecurityAccessImpl.doIntersectionPrivilege(ProtectionDomain.java:74)
	at java.security.ProtectionDomain$JavaSecurityAccessImpl.doIntersectionPrivilege(ProtectionDomain.java:84)
	at java.awt.EventQueue$4.run(EventQueue.java:733)
	at java.awt.EventQueue$4.run(EventQueue.java:731)
	at java.security.AccessController.doPrivileged(Native Method)
	at java.security.ProtectionDomain$JavaSecurityAccessImpl.doIntersectionPrivilege(ProtectionDomain.java:74)
	at java.awt.EventQueue.dispatchEvent(EventQueue.java:730)
	at java.awt.EventDispatchThread.pumpOneEventForFilters(EventDispatchThread.java:205)
	at java.awt.EventDispatchThread.pumpEventsForFilter(EventDispatchThread.java:116)
	at java.awt.EventDispatchThread.pumpEventsForHierarchy(EventDispatchThread.java:105)
	at java.awt.EventDispatchThread.pumpEvents(EventDispatchThread.java:101)
	at java.awt.EventDispatchThread.pumpEvents(EventDispatchThread.java:93)
	at java.awt.EventDispatchThread.run(EventDispatchThread.java:82)
Caused by: java.net.ConnectException: 拒绝连接 (Connection refused)
	at java.net.PlainSocketImpl.socketConnect(Native Method)
	at java.net.AbstractPlainSocketImpl.doConnect(AbstractPlainSocketImpl.java:350)
	at java.net.AbstractPlainSocketImpl.connectToAddress(AbstractPlainSocketImpl.java:206)
	at java.net.AbstractPlainSocketImpl.connect(AbstractPlainSocketImpl.java:188)
	at java.net.SocksSocketImpl.connect(SocksSocketImpl.java:392)
	at java.net.Socket.connect(Socket.java:606)
	at java.net.Socket.connect(Socket.java:555)
	at java.net.Socket.<init>(Socket.java:451)
	at java.net.Socket.<init>(Socket.java:228)
	at sun.rmi.transport.proxy.RMIDirectSocketFactory.createSocket(RMIDirectSocketFactory.java:40)
	at sun.rmi.transport.proxy.RMIMasterSocketFactory.createSocket(RMIMasterSocketFactory.java:148)
	at sun.rmi.transport.tcp.TCPEndpoint.newSocket(TCPEndpoint.java:613)
	at sun.rmi.transport.tcp.TCPChannel.createConnection(TCPChannel.java:216)
	at sun.rmi.transport.tcp.TCPChannel.newConnection(TCPChannel.java:202)
	at sun.rmi.server.UnicastRef.newCall(UnicastRef.java:338)
	at sun.rmi.registry.RegistryImpl_Stub.lookup(RegistryImpl_Stub.java:116)
	at org.opentcs.access.rmi.services.RemoteKernelServicePortalProxy.login(RemoteKernelServicePortalProxy.java:151)
	... 44 more

[20200617-10:47:16-705] INFO    AWT-EventQueue-0     o.o.g.application.StatusPanel.setLogMessage()          : Model "Demo-01" successfully persisted.
[20200617-10:47:22-487] WARNING AWT-EventQueue-0     o.o.common.DefaultPortalManager.connect()              : Failed to connect to remote portal
org.opentcs.components.kernel.services.ServiceUnavailableException: Exception logging in with remote kernel client portal
	at org.opentcs.access.rmi.services.RemoteKernelServicePortalProxy.login(RemoteKernelServicePortalProxy.java:163)
	at org.opentcs.common.DefaultPortalManager.connect(DefaultPortalManager.java:168)
	at org.opentcs.common.DefaultPortalManager.connect(DefaultPortalManager.java:96)
	at org.opentcs.guing.exchange.ApplicationPortalProvider.register(ApplicationPortalProvider.java:68)
	at org.opentcs.guing.application.OpenTCSView.switchPlantOverviewState(OpenTCSView.java:1013)
	at org.opentcs.guing.application.action.synchronize.SwitchToOperatingAction.actionPerformed(SwitchToOperatingAction.java:54)
	at javax.swing.AbstractButton.fireActionPerformed(AbstractButton.java:2022)
	at javax.swing.AbstractButton$Handler.actionPerformed(AbstractButton.java:2348)
	at javax.swing.DefaultButtonModel.fireActionPerformed(DefaultButtonModel.java:402)
	at javax.swing.JToggleButton$ToggleButtonModel.setPressed(JToggleButton.java:308)
	at javax.swing.AbstractButton.doClick(AbstractButton.java:376)
	at javax.swing.plaf.basic.BasicMenuItemUI.doClick(BasicMenuItemUI.java:842)
	at javax.swing.plaf.basic.BasicMenuItemUI$Handler.mouseReleased(BasicMenuItemUI.java:886)
	at java.awt.AWTEventMulticaster.mouseReleased(AWTEventMulticaster.java:289)
	at java.awt.Component.processMouseEvent(Component.java:6539)
	at javax.swing.JComponent.processMouseEvent(JComponent.java:3324)
	at java.awt.Component.processEvent(Component.java:6304)
	at java.awt.Container.processEvent(Container.java:2239)
	at java.awt.Component.dispatchEventImpl(Component.java:4889)
	at java.awt.Container.dispatchEventImpl(Container.java:2297)
	at java.awt.Component.dispatchEvent(Component.java:4711)
	at java.awt.LightweightDispatcher.retargetMouseEvent(Container.java:4904)
	at java.awt.LightweightDispatcher.processMouseEvent(Container.java:4535)
	at java.awt.LightweightDispatcher.dispatchEvent(Container.java:4476)
	at java.awt.Container.dispatchEventImpl(Container.java:2283)
	at java.awt.Window.dispatchEventImpl(Window.java:2746)
	at java.awt.Component.dispatchEvent(Component.java:4711)
	at java.awt.EventQueue.dispatchEventImpl(EventQueue.java:760)
	at java.awt.EventQueue.access$500(EventQueue.java:97)
	at java.awt.EventQueue$3.run(EventQueue.java:709)
	at java.awt.EventQueue$3.run(EventQueue.java:703)
	at java.security.AccessController.doPrivileged(Native Method)
	at java.security.ProtectionDomain$JavaSecurityAccessImpl.doIntersectionPrivilege(ProtectionDomain.java:74)
	at java.security.ProtectionDomain$JavaSecurityAccessImpl.doIntersectionPrivilege(ProtectionDomain.java:84)
	at java.awt.EventQueue$4.run(EventQueue.java:733)
	at java.awt.EventQueue$4.run(EventQueue.java:731)
	at java.security.AccessController.doPrivileged(Native Method)
	at java.security.ProtectionDomain$JavaSecurityAccessImpl.doIntersectionPrivilege(ProtectionDomain.java:74)
	at java.awt.EventQueue.dispatchEvent(EventQueue.java:730)
	at java.awt.EventDispatchThread.pumpOneEventForFilters(EventDispatchThread.java:205)
	at java.awt.EventDispatchThread.pumpEventsForFilter(EventDispatchThread.java:116)
	at java.awt.EventDispatchThread.pumpEventsForHierarchy(EventDispatchThread.java:105)
	at java.awt.EventDispatchThread.pumpEvents(EventDispatchThread.java:101)
	at java.awt.EventDispatchThread.pumpEvents(EventDispatchThread.java:93)
	at java.awt.EventDispatchThread.run(EventDispatchThread.java:82)
Caused by: java.net.ConnectException: 拒绝连接 (Connection refused)
	at java.net.PlainSocketImpl.socketConnect(Native Method)
	at java.net.AbstractPlainSocketImpl.doConnect(AbstractPlainSocketImpl.java:350)
	at java.net.AbstractPlainSocketImpl.connectToAddress(AbstractPlainSocketImpl.java:206)
	at java.net.AbstractPlainSocketImpl.connect(AbstractPlainSocketImpl.java:188)
	at java.net.SocksSocketImpl.connect(SocksSocketImpl.java:392)
	at java.net.Socket.connect(Socket.java:606)
	at java.net.Socket.connect(Socket.java:555)
	at java.net.Socket.<init>(Socket.java:451)
	at java.net.Socket.<init>(Socket.java:228)
	at sun.rmi.transport.proxy.RMIDirectSocketFactory.createSocket(RMIDirectSocketFactory.java:40)
	at sun.rmi.transport.proxy.RMIMasterSocketFactory.createSocket(RMIMasterSocketFactory.java:148)
	at sun.rmi.transport.tcp.TCPEndpoint.newSocket(TCPEndpoint.java:613)
	at sun.rmi.transport.tcp.TCPChannel.createConnection(TCPChannel.java:216)
	at sun.rmi.transport.tcp.TCPChannel.newConnection(TCPChannel.java:202)
	at sun.rmi.server.UnicastRef.newCall(UnicastRef.java:338)
	at sun.rmi.registry.RegistryImpl_Stub.lookup(RegistryImpl_Stub.java:116)
	at org.opentcs.access.rmi.services.RemoteKernelServicePortalProxy.login(RemoteKernelServicePortalProxy.java:151)
	... 44 more

[20200617-10:47:31-759] INFO    AWT-EventQueue-0     o.o.g.application.StatusPanel.setLogMessage()          : Model "Demo-01" successfully loaded from kernel.
[20200617-10:58:01-643] INFO    AWT-EventQueue-0     o.o.g.application.OpenTCSView.stop()                   : GUI terminating...
