[20200624-10:51:59-647] INFO    main                 o.o.util.Environment.logSystemInfo()                   : openTCS baseline version: 4.17.0-SNAPSHOT (build date: 2020-06-22 13:55:18), customization '-' version - (build date: -), Java: 1.8.0_231, Oracle Corporation; JVM: 25.231-b11, Oracle Corporation; OS: Linux, amd64
[20200624-10:51:59-741] INFO    main                 o.o.c.cfg4j.Cfg4jConfigurationBindingProvider.buildSource(): Using default configuration file /home/eternal/NetBeansProjects/openTCS-4.17.0-src/openTCS-KernelControlCenter/build/install/openTCS-KernelControlCenter/./config/opentcs-kernelcontrolcenter-defaults-baseline.properties...
[20200624-10:51:59-752] WARNING main                 o.o.c.cfg4j.Cfg4jConfigurationBindingProvider.buildSource(): Supplementary configuration file /home/eternal/NetBeansProjects/openTCS-4.17.0-src/openTCS-KernelControlCenter/build/install/openTCS-KernelControlCenter/./config/opentcs-kernelcontrolcenter-defaults-custom.properties not found, skipped.
[20200624-10:51:59-753] INFO    main                 o.o.c.cfg4j.Cfg4jConfigurationBindingProvider.buildSource(): Using overrides from supplementary configuration file /home/eternal/NetBeansProjects/openTCS-4.17.0-src/openTCS-KernelControlCenter/build/install/openTCS-KernelControlCenter/./config/opentcs-kernelcontrolcenter.properties...
[20200624-10:51:59-758] INFO    main                 o.c.provider.ConfigurationProviderBuilder.build()      : Initializing ConfigurationProvider with org.opentcs.configuration.cfg4j.CachedConfigurationSource source, org.opentcs.configuration.cfg4j.PeriodicalReloadStrategy reload strategy and org.cfg4j.source.context.environment.DefaultEnvironment environment
[20200624-10:51:59-775] INFO    main                 o.o.kernelcontrolcenter.RunKernelControlCenter.findRegisteredModules(): Integrating injection module org.opentcs.kernelcontrolcenter.DefaultKernelControlCenterExtensionsModule
[20200624-10:51:59-776] INFO    main                 o.o.kernelcontrolcenter.RunKernelControlCenter.findRegisteredModules(): Integrating injection module org.opentcs.kernelcontrolcenter.LoopbackCommAdapterPanelsModule
[20200624-10:52:00-292] WARNING main                 o.o.kernelcontrolcenter.DefaultKernelControlCenterInjectionModule.configureSocketConnections(): SSL encryption disabled, connections will not be secured!
[20200624-10:52:01-072] INFO    main                 o.o.kernelcontrolcenter.KernelControlCenterApplication.online(): Switching application state to online...
[20200624-11:00:08-703] WARNING org.opentcs.kernelcontrolcenter.exchange.KernelEventFetcher-fetcherTask o.o.k.exchange.DefaultServiceCallWrapper.call()        : Failed to call remote service method: org.opentcs.kernelcontrolcenter.exchange.KernelEventFetcher$EventFetcherTask$$Lambda$38/893840970@609f0859
org.opentcs.components.kernel.services.ServiceUnavailableException: Remote service unreachable
	at org.opentcs.access.rmi.services.AbstractRemoteServiceProxy.findSuitableExceptionFor(AbstractRemoteServiceProxy.java:145)
	at org.opentcs.access.rmi.services.RemoteKernelServicePortalProxy.fetchEvents(RemoteKernelServicePortalProxy.java:206)
	at org.opentcs.kernelcontrolcenter.exchange.KernelEventFetcher$EventFetcherTask.lambda$runActualTask$0(KernelEventFetcher.java:190)
	at org.opentcs.kernelcontrolcenter.exchange.DefaultServiceCallWrapper.call(DefaultServiceCallWrapper.java:89)
	at org.opentcs.kernelcontrolcenter.exchange.KernelEventFetcher$EventFetcherTask.runActualTask(KernelEventFetcher.java:190)
	at org.opentcs.util.CyclicTask.run(CyclicTask.java:154)
	at java.lang.Thread.run(Thread.java:748)
Caused by: java.rmi.UnmarshalException: Error unmarshaling return header; nested exception is: 
	java.io.EOFException
	at sun.rmi.transport.StreamRemoteCall.executeCall(StreamRemoteCall.java:254)
	at sun.rmi.server.UnicastRef.invoke(UnicastRef.java:161)
	at java.rmi.server.RemoteObjectInvocationHandler.invokeRemoteMethod(RemoteObjectInvocationHandler.java:227)
	at java.rmi.server.RemoteObjectInvocationHandler.invoke(RemoteObjectInvocationHandler.java:179)
	at com.sun.proxy.$Proxy27.fetchEvents(Unknown Source)
	at org.opentcs.access.rmi.services.RemoteKernelServicePortalProxy.fetchEvents(RemoteKernelServicePortalProxy.java:203)
	... 5 more
Caused by: java.io.EOFException
	at java.io.DataInputStream.readByte(DataInputStream.java:267)
	at sun.rmi.transport.StreamRemoteCall.executeCall(StreamRemoteCall.java:240)
	... 10 more

[20200624-11:00:08-705] WARNING org.opentcs.kernelcontrolcenter.exchange.KernelEventFetcher-fetcherTask o.o.a.r.services.RemoteKernelServicePortalProxy.logout(): Not logged in, doing nothing.
[20200624-11:00:09-896] WARNING org.opentcs.kernelcontrolcenter.exchange.KernelEventFetcher-fetcherTask o.o.common.DefaultPortalManager.connect()              : Failed to connect to remote portal
org.opentcs.components.kernel.services.ServiceUnavailableException: Exception logging in with remote kernel client portal
	at org.opentcs.access.rmi.services.RemoteKernelServicePortalProxy.login(RemoteKernelServicePortalProxy.java:163)
	at org.opentcs.common.DefaultPortalManager.connect(DefaultPortalManager.java:168)
	at org.opentcs.common.DefaultPortalManager.connect(DefaultPortalManager.java:104)
	at org.opentcs.kernelcontrolcenter.exchange.DefaultServiceCallWrapper.showRetryDialog(DefaultServiceCallWrapper.java:124)
	at org.opentcs.kernelcontrolcenter.exchange.DefaultServiceCallWrapper.call(DefaultServiceCallWrapper.java:97)
	at org.opentcs.kernelcontrolcenter.exchange.KernelEventFetcher$EventFetcherTask.runActualTask(KernelEventFetcher.java:190)
	at org.opentcs.util.CyclicTask.run(CyclicTask.java:154)
	at java.lang.Thread.run(Thread.java:748)
Caused by: java.net.ConnectException: 拒绝连接 (Connection refused)
	at java.net.PlainSocketImpl.socketConnect(Native Method)
	at java.net.AbstractPlainSocketImpl.doConnect(AbstractPlainSocketImpl.java:350)
	at java.net.AbstractPlainSocketImpl.connectToAddress(AbstractPlainSocketImpl.java:206)
	at java.net.AbstractPlainSocketImpl.connect(AbstractPlainSocketImpl.java:188)
	at java.net.SocksSocketImpl.connect(SocksSocketImpl.java:392)
	at java.net.Socket.connect(Socket.java:606)
	at java.net.Socket.connect(Socket.java:555)
	at java.net.Socket.<init>(Socket.java:451)
	at java.net.Socket.<init>(Socket.java:228)
	at sun.rmi.transport.proxy.RMIDirectSocketFactory.createSocket(RMIDirectSocketFactory.java:40)
	at sun.rmi.transport.proxy.RMIMasterSocketFactory.createSocket(RMIMasterSocketFactory.java:148)
	at sun.rmi.transport.tcp.TCPEndpoint.newSocket(TCPEndpoint.java:613)
	at sun.rmi.transport.tcp.TCPChannel.createConnection(TCPChannel.java:216)
	at sun.rmi.transport.tcp.TCPChannel.newConnection(TCPChannel.java:202)
	at sun.rmi.server.UnicastRef.newCall(UnicastRef.java:338)
	at sun.rmi.registry.RegistryImpl_Stub.lookup(RegistryImpl_Stub.java:116)
	at org.opentcs.access.rmi.services.RemoteKernelServicePortalProxy.login(RemoteKernelServicePortalProxy.java:151)
	... 7 more

[20200624-11:00:13-215] SEVERE  org.opentcs.kernelcontrolcenter.exchange.KernelEventFetcher-fetcherTask o.o.k.exchange.KernelEventFetcher$EventFetcherTask.runActualTask(): Exception fetching events
org.opentcs.components.kernel.services.ServiceUnavailableException: Remote service unreachable
	at org.opentcs.access.rmi.services.AbstractRemoteServiceProxy.findSuitableExceptionFor(AbstractRemoteServiceProxy.java:145)
	at org.opentcs.access.rmi.services.RemoteKernelServicePortalProxy.fetchEvents(RemoteKernelServicePortalProxy.java:206)
	at org.opentcs.kernelcontrolcenter.exchange.KernelEventFetcher$EventFetcherTask.lambda$runActualTask$0(KernelEventFetcher.java:190)
	at org.opentcs.kernelcontrolcenter.exchange.DefaultServiceCallWrapper.call(DefaultServiceCallWrapper.java:89)
	at org.opentcs.kernelcontrolcenter.exchange.KernelEventFetcher$EventFetcherTask.runActualTask(KernelEventFetcher.java:190)
	at org.opentcs.util.CyclicTask.run(CyclicTask.java:154)
	at java.lang.Thread.run(Thread.java:748)
Caused by: java.rmi.UnmarshalException: Error unmarshaling return header; nested exception is: 
	java.io.EOFException
	at sun.rmi.transport.StreamRemoteCall.executeCall(StreamRemoteCall.java:254)
	at sun.rmi.server.UnicastRef.invoke(UnicastRef.java:161)
	at java.rmi.server.RemoteObjectInvocationHandler.invokeRemoteMethod(RemoteObjectInvocationHandler.java:227)
	at java.rmi.server.RemoteObjectInvocationHandler.invoke(RemoteObjectInvocationHandler.java:179)
	at com.sun.proxy.$Proxy27.fetchEvents(Unknown Source)
	at org.opentcs.access.rmi.services.RemoteKernelServicePortalProxy.fetchEvents(RemoteKernelServicePortalProxy.java:203)
	... 5 more
Caused by: java.io.EOFException
	at java.io.DataInputStream.readByte(DataInputStream.java:267)
	at sun.rmi.transport.StreamRemoteCall.executeCall(StreamRemoteCall.java:240)
	... 10 more

[20200624-11:00:17-116] INFO    AWT-EventQueue-0     o.o.kernelcontrolcenter.KernelControlCenterApplication.offline(): Switching application state to offline...
